{"time":"2024-08-10T21:16:32.514789627+05:00","level":"INFO","msg":"Application started"}
{"time":"2024-08-10T21:16:32.525457093+05:00","level":"ERROR","msg":"Database connection error","error":"pq: password authentication failed for user \"postgres\""}
{"time":"2024-08-10T21:16:47.946376283+05:00","level":"INFO","msg":"Application started"}
{"time":"2024-08-10T21:16:47.957436947+05:00","level":"INFO","msg":"Starting GRPC server"}
{"time":"2024-08-10T21:17:54.942455367+05:00","level":"ERROR","msg":"Token not found in context"}
{"time":"2024-08-12T10:34:52.378141207+05:00","level":"INFO","msg":"Application started"}
{"time":"2024-08-12T10:34:52.392736535+05:00","level":"INFO","msg":"Starting GRPC server"}
{"time":"2024-08-12T19:55:04.99781501+05:00","level":"INFO","msg":"Application started"}
{"time":"2024-08-12T19:55:05.035627506+05:00","level":"INFO","msg":"Starting GRPC server"}
{"time":"2024-08-12T19:57:52.801463717+05:00","level":"INFO","msg":"Application started"}
{"time":"2024-08-12T19:57:52.812088595+05:00","level":"INFO","msg":"Starting GRPC server"}
{"time":"2024-08-12T19:59:20.091707087+05:00","level":"INFO","msg":"Application started"}
{"time":"2024-08-12T19:59:20.110412084+05:00","level":"INFO","msg":"Starting GRPC server"}
{"time":"2024-08-12T20:08:01.993398071+05:00","level":"INFO","msg":"Application started"}
{"time":"2024-08-12T20:08:02.006712532+05:00","level":"INFO","msg":"Starting GRPC server"}
{"time":"2024-08-13T15:53:45.915385085+05:00","level":"INFO","msg":"Application started"}
{"time":"2024-08-13T15:53:45.930464817+05:00","level":"INFO","msg":"Starting GRPC server"}
{"time":"2024-08-13T16:09:13.223168157+05:00","level":"INFO","msg":"Application started"}
{"time":"2024-08-13T16:09:13.244091974+05:00","level":"INFO","msg":"Starting GRPC server"}
{"time":"2024-08-13T16:15:02.835573729+05:00","level":"INFO","msg":"Application started"}
{"time":"2024-08-13T16:15:02.849762899+05:00","level":"INFO","msg":"Starting GRPC server"}
{"time":"2024-08-13T16:31:43.571657406+05:00","level":"INFO","msg":"Application started"}
{"time":"2024-08-13T16:31:43.597268957+05:00","level":"INFO","msg":"Starting GRPC server"}
{"time":"2024-08-13T16:34:21.793234718+05:00","level":"INFO","msg":"Application started"}
{"time":"2024-08-13T16:34:21.805780944+05:00","level":"INFO","msg":"Starting GRPC server"}
{"time":"2024-08-13T16:35:42.664508673+05:00","level":"INFO","msg":"Application started"}
{"time":"2024-08-13T16:35:42.682010705+05:00","level":"INFO","msg":"Starting GRPC server"}
{"time":"2024-08-13T16:36:01.515602685+05:00","level":"INFO","msg":"Application started"}
{"time":"2024-08-13T16:36:01.526931958+05:00","level":"INFO","msg":"Starting GRPC server"}
{"time":"2024-08-13T17:14:45.856644796+05:00","level":"INFO","msg":"Application started"}
{"time":"2024-08-13T17:14:45.879644316+05:00","level":"INFO","msg":"Starting GRPC server"}
{"time":"2024-08-13T17:23:46.588173934+05:00","level":"INFO","msg":"Application started"}
{"time":"2024-08-13T17:23:46.596924006+05:00","level":"INFO","msg":"Starting GRPC server"}
{"time":"2024-08-13T17:23:59.17080191+05:00","level":"INFO","msg":"Application started"}
{"time":"2024-08-13T17:23:59.175737139+05:00","level":"INFO","msg":"Starting GRPC server"}
{"time":"2024-08-13T17:41:23.452139326+05:00","level":"INFO","msg":"Application started"}
{"time":"2024-08-13T17:41:23.462017081+05:00","level":"INFO","msg":"Starting GRPC server"}
{"time":"2024-08-13T17:43:44.186389633+05:00","level":"INFO","msg":"Application started"}
{"time":"2024-08-13T17:43:44.193440995+05:00","level":"INFO","msg":"Starting GRPC server"}
{"time":"2024-08-13T17:48:12.88249207+05:00","level":"INFO","msg":"Application started"}
{"time":"2024-08-13T17:48:12.906426587+05:00","level":"INFO","msg":"Starting GRPC server"}
{"time":"2024-08-13T17:49:32.649115318+05:00","level":"INFO","msg":"Application started"}
{"time":"2024-08-13T17:49:32.657181468+05:00","level":"INFO","msg":"Starting GRPC server"}
{"time":"2024-08-13T17:50:21.95284973+05:00","level":"INFO","msg":"Application started"}
{"time":"2024-08-13T17:50:21.957840255+05:00","level":"INFO","msg":"Starting GRPC server"}
{"time":"2024-08-13T17:50:48.389857809+05:00","level":"INFO","msg":"Application started"}
{"time":"2024-08-13T17:50:48.395644888+05:00","level":"INFO","msg":"Starting GRPC server"}
{"time":"2024-08-13T17:51:15.030501707+05:00","level":"INFO","msg":"Application started"}
{"time":"2024-08-13T17:51:15.035616493+05:00","level":"INFO","msg":"Starting GRPC server"}
{"time":"2024-08-13T17:54:24.5469734+05:00","level":"INFO","msg":"Application started"}
{"time":"2024-08-13T17:54:24.563740365+05:00","level":"INFO","msg":"Starting GRPC server"}
{"time":"2024-08-13T18:00:05.685734841+05:00","level":"INFO","msg":"Application started"}
{"time":"2024-08-13T18:00:05.707256404+05:00","level":"INFO","msg":"Starting GRPC server"}
{"time":"2024-08-13T18:03:00.458712084+05:00","level":"INFO","msg":"Application started"}
{"time":"2024-08-13T18:03:00.464064993+05:00","level":"INFO","msg":"Starting GRPC server"}
{"time":"2024-08-13T18:14:43.303856915+05:00","level":"INFO","msg":"Application started"}
{"time":"2024-08-13T18:14:43.315503448+05:00","level":"INFO","msg":"Starting GRPC server"}
{"time":"2024-08-13T18:15:05.084983503+05:00","level":"INFO","msg":"Application started"}
{"time":"2024-08-13T18:15:05.090857056+05:00","level":"INFO","msg":"Starting GRPC server"}
{"time":"2024-08-13T18:16:17.296399969+05:00","level":"INFO","msg":"Application started"}
{"time":"2024-08-13T18:16:17.30120712+05:00","level":"INFO","msg":"Starting GRPC server"}
{"time":"2024-08-13T18:18:53.998817545+05:00","level":"INFO","msg":"Application started"}
{"time":"2024-08-13T18:18:54.008104116+05:00","level":"INFO","msg":"Starting GRPC server"}
{"time":"2024-08-13T18:26:47.185602568+05:00","level":"INFO","msg":"Application started"}
{"time":"2024-08-13T18:26:47.192897658+05:00","level":"INFO","msg":"Starting GRPC server"}
{"time":"2024-08-13T18:43:55.247003437+05:00","level":"INFO","msg":"Application started"}
{"time":"2024-08-13T18:43:55.256963962+05:00","level":"INFO","msg":"Starting GRPC server"}
{"time":"2024-08-13T18:43:55.257183906+05:00","level":"ERROR","msg":"Start server error","error":"listen tcp :8081: bind: address already in use"}
{"time":"2024-08-13T18:44:19.13568363+05:00","level":"INFO","msg":"Application started"}
{"time":"2024-08-13T18:44:19.155616453+05:00","level":"INFO","msg":"Starting GRPC server"}
{"time":"2024-08-13T19:00:20.067439838+05:00","level":"INFO","msg":"Application started"}
{"time":"2024-08-13T19:00:20.078704721+05:00","level":"INFO","msg":"Starting GRPC server"}
{"time":"2024-08-13T19:00:42.578804634+05:00","level":"INFO","msg":"Application started"}
{"time":"2024-08-13T19:00:42.58956997+05:00","level":"INFO","msg":"Starting GRPC server"}
{"time":"2024-08-13T21:33:42.123754832+05:00","level":"INFO","msg":"Application started"}
{"time":"2024-08-13T21:33:42.479265555+05:00","level":"INFO","msg":"Starting GRPC server"}
{"time":"2024-08-13T21:33:42.479670719+05:00","level":"ERROR","msg":"Listen error","error":"listen tcp :50050: bind: address already in use"}
{"time":"2024-08-13T21:33:51.43209081+05:00","level":"INFO","msg":"Application started"}
{"time":"2024-08-13T21:33:51.506026559+05:00","level":"INFO","msg":"Starting GRPC server"}
{"time":"2024-08-13T21:33:51.506518799+05:00","level":"ERROR","msg":"Listen error","error":"listen tcp :50050: bind: address already in use"}
{"time":"2024-08-13T21:34:05.068082949+05:00","level":"INFO","msg":"Application started"}
{"time":"2024-08-13T21:34:05.130008952+05:00","level":"INFO","msg":"Starting GRPC server"}
{"time":"2024-08-14T08:43:59.771162182+05:00","level":"INFO","msg":"Application started"}
{"time":"2024-08-14T08:43:59.782346172+05:00","level":"INFO","msg":"Starting GRPC server"}
{"time":"2024-08-14T11:28:25.934364315+05:00","level":"INFO","msg":"Application started"}
{"time":"2024-08-14T11:28:25.953597617+05:00","level":"INFO","msg":"Starting GRPC server"}
{"time":"2024-08-14T11:41:33.332182018+05:00","level":"INFO","msg":"Application started"}
{"time":"2024-08-14T11:41:33.343712858+05:00","level":"INFO","msg":"Starting GRPC server"}
{"time":"2024-08-14T11:42:39.263909704+05:00","level":"ERROR","msg":"IsTokenBlacklisted error","error":"dial tcp: address localhost: missing port in address"}
{"time":"2024-08-14T11:46:08.307396082+05:00","level":"INFO","msg":"Application started"}
{"time":"2024-08-14T11:46:08.319182683+05:00","level":"INFO","msg":"Starting GRPC server"}
{"time":"2024-08-14T11:47:09.799622518+05:00","level":"INFO","msg":"Application started"}
{"time":"2024-08-14T11:47:09.811149662+05:00","level":"INFO","msg":"Starting GRPC server"}
{"time":"2024-08-14T11:47:15.290514393+05:00","level":"INFO","msg":"Request received","method":"POST","path":"/api/v1/auth/roles"}
{"time":"2024-08-14T11:47:15.30164568+05:00","level":"INFO","msg":"Response sent","status":200}
{"time":"2024-08-14T11:49:47.088075897+05:00","level":"INFO","msg":"Request received","method":"POST","path":"/api/v1/auth/logout"}
{"time":"2024-08-14T11:49:47.099270309+05:00","level":"INFO","msg":"Response sent","status":200}
{"time":"2024-08-14T11:51:04.222090545+05:00","level":"INFO","msg":"Request received","method":"POST","path":"/api/v1/auth/refresh-token"}
{"time":"2024-08-14T11:51:04.232684174+05:00","level":"INFO","msg":"Response sent","status":200}
